<?xml version="1.0" encoding="UTF-8"?>
<!-- Generated by org.testng.reporters.JUnitReportReporter -->
<testsuite skipped="0" hostname="LAPTOP-R0FI7S9S" name="testCases.UpdateOneProductAdvanced" tests="4" failures="0" timestamp="13 Jan 2023 04:26:27 GMT" time="3.178" errors="0">
  <testcase name="createOneProducts" time="1.690" classname="testCases.UpdateOneProductAdvanced"/>
  <testcase name="readAllProducts" time="0.922" classname="testCases.UpdateOneProductAdvanced"/>
  <testcase name="updateOneProducts" time="0.290" classname="testCases.UpdateOneProductAdvanced"/>
  <testcase name="readOneUpdateProducts" time="0.276" classname="testCases.UpdateOneProductAdvanced"/>
</testsuite> <!-- testCases.UpdateOneProductAdvanced -->
