<?xml version="1.0" encoding="UTF-8"?>
<!-- Generated by org.testng.reporters.JUnitReportReporter -->
<testsuite skipped="0" hostname="LAPTOP-R0FI7S9S" name="testCases.ReadAllProducts" tests="1" failures="0" timestamp="13 Jan 2023 04:26:52 GMT" time="2.309" errors="0">
  <testcase name="readAllProducts" time="2.309" classname="testCases.ReadAllProducts"/>
</testsuite> <!-- testCases.ReadAllProducts -->
