<?xml version="1.0" encoding="UTF-8"?>
<!-- Generated by org.testng.reporters.JUnitReportReporter -->
<testsuite skipped="0" hostname="LAPTOP-R0FI7S9S" name="testCases.DeleteOneProductAdvanced" tests="4" failures="0" timestamp="03 Jan 2023 19:56:13 GMT" time="3.747" errors="0">
  <testcase name="createOneProducts" time="2.048" classname="testCases.DeleteOneProductAdvanced"/>
  <testcase name="readAllProducts" time="1.035" classname="testCases.DeleteOneProductAdvanced"/>
  <testcase name="updateOneProducts" time="0.309" classname="testCases.DeleteOneProductAdvanced"/>
  <testcase name="deleteOneUpdateProducts" time="0.355" classname="testCases.DeleteOneProductAdvanced"/>
</testsuite> <!-- testCases.DeleteOneProductAdvanced -->
