<?xml version="1.0" encoding="UTF-8"?>
<!-- Generated by org.testng.reporters.JUnitReportReporter -->
<testsuite skipped="0" hostname="LAPTOP-R0FI7S9S" name="testCases.ReadOneProduct" tests="1" failures="0" timestamp="13 Jan 2023 04:26:42 GMT" time="1.519" errors="0">
  <testcase name="readOneProducts" time="1.519" classname="testCases.ReadOneProduct"/>
</testsuite> <!-- testCases.ReadOneProduct -->
