<?xml version="1.0" encoding="UTF-8"?>
<!-- Generated by org.testng.reporters.JUnitReportReporter -->
<testsuite skipped="0" hostname="LAPTOP-R0FI7S9S" name="testCases.UpdateOneProduct" tests="2" failures="0" timestamp="13 Jan 2023 04:26:36 GMT" time="2.306" errors="0">
  <testcase name="updateOneProducts" time="1.819" classname="testCases.UpdateOneProduct"/>
  <testcase name="readOneUpdateProducts" time="0.487" classname="testCases.UpdateOneProduct"/>
</testsuite> <!-- testCases.UpdateOneProduct -->
