<?xml version="1.0" encoding="UTF-8"?>
<!-- Generated by org.testng.reporters.JUnitReportReporter -->
<testsuite skipped="0" hostname="LAPTOP-R0FI7S9S" name="testCases.CreateOneProduct" tests="3" failures="0" timestamp="09 Feb 2023 05:50:37 GMT" time="4.841" errors="0">
  <testcase name="createOneProducts" time="2.968" classname="testCases.CreateOneProduct"/>
  <testcase name="readAllProducts" time="1.469" classname="testCases.CreateOneProduct"/>
  <testcase name="readOneProducts" time="0.404" classname="testCases.CreateOneProduct"/>
</testsuite> <!-- testCases.CreateOneProduct -->
